2025-12-30 17:47:06:476 [31merror[39m: [31muncaughtException: listen EADDRINUSE: address already in use :::8000[39m
[31mError: listen EADDRINUSE: address already in use :::8000[39m
[31m    at Server.setupListenHandle [as _listen2] (node:net:1912:16)[39m
[31m    at listenInCluster (node:net:1969:12)[39m
[31m    at Server.listen (node:net:2074:7)[39m
[31m    at <anonymous> (/home/joseph/Projects/music-apis/server/src/server.ts:11:12)[39m
[31m    at process.processTicksAndRejections (node:internal/process/task_queues:105:5)[39m
2025-12-30 17:50:04:504 [31merror[39m: [31muncaughtException: listen EADDRINUSE: address already in use :::8000[39m
[31mError: listen EADDRINUSE: address already in use :::8000[39m
[31m    at Server.setupListenHandle [as _listen2] (node:net:1912:16)[39m
[31m    at listenInCluster (node:net:1969:12)[39m
[31m    at Server.listen (node:net:2074:7)[39m
[31m    at <anonymous> (/home/joseph/Projects/music-apis/server/src/server.ts:11:12)[39m
[31m    at process.processTicksAndRejections (node:internal/process/task_queues:105:5)[39m
2025-12-30 17:50:13:5013 [31merror[39m: [31muncaughtException: listen EADDRINUSE: address already in use :::8000[39m
[31mError: listen EADDRINUSE: address already in use :::8000[39m
[31m    at Server.setupListenHandle [as _listen2] (node:net:1912:16)[39m
[31m    at listenInCluster (node:net:1969:12)[39m
[31m    at Server.listen (node:net:2074:7)[39m
[31m    at <anonymous> (/home/joseph/Projects/music-apis/server/src/server.ts:11:12)[39m
[31m    at process.processTicksAndRejections (node:internal/process/task_queues:105:5)[39m
