2025-12-30 14:20:22:22 [31merror[39m: [31munhandledRejection: Redis is already connecting/connected[39m
[31mError: Redis is already connecting/connected[39m
[31m    at /home/joseph/Projects/music-apis/server/node_modules/ioredis/built/Redis.js:108:24[39m
[31m    at new Promise (<anonymous>)[39m
[31m    at EventEmitter.connect (/home/joseph/Projects/music-apis/server/node_modules/ioredis/built/Redis.js:104:25)[39m
[31m    at setupRedisAdapter (/home/joseph/Projects/music-apis/server/src/socket/adapters/redis-adapter.ts:38:34)[39m
[31m    at SocketServer.initialize (/home/joseph/Projects/music-apis/server/src/socket/index.ts:37:13)[39m
[31m    at new SocketServer (/home/joseph/Projects/music-apis/server/src/socket/index.ts:31:10)[39m
[31m    at logger (/home/joseph/Projects/music-apis/server/src/server.ts:10:22)[39m
[31m    at Object.<anonymous> (/home/joseph/Projects/music-apis/server/src/server.ts:21:4)[39m
[31m    at Module._compile (node:internal/modules/cjs/loader:1565:14)[39m
[31m    at Object.transformer (/home/joseph/Projects/music-apis/server/node_modules/tsx/dist/register-D46fvsV_.cjs:3:1104)[39m
2025-12-30 14:21:01:01 [31merror[39m: [31munhandledRejection: Redis is already connecting/connected[39m
[31mError: Redis is already connecting/connected[39m
[31m    at /home/joseph/Projects/music-apis/server/node_modules/ioredis/built/Redis.js:108:24[39m
[31m    at new Promise (<anonymous>)[39m
[31m    at EventEmitter.connect (/home/joseph/Projects/music-apis/server/node_modules/ioredis/built/Redis.js:104:25)[39m
[31m    at setupRedisAdapter (/home/joseph/Projects/music-apis/server/src/socket/adapters/redis-adapter.ts:38:34)[39m
[31m    at SocketServer.initialize (/home/joseph/Projects/music-apis/server/src/socket/index.ts:37:13)[39m
[31m    at new SocketServer (/home/joseph/Projects/music-apis/server/src/socket/index.ts:31:10)[39m
[31m    at logger (/home/joseph/Projects/music-apis/server/src/server.ts:10:22)[39m
[31m    at Object.<anonymous> (/home/joseph/Projects/music-apis/server/src/server.ts:21:4)[39m
[31m    at Module._compile (node:internal/modules/cjs/loader:1565:14)[39m
[31m    at Object.transformer (/home/joseph/Projects/music-apis/server/node_modules/tsx/dist/register-D46fvsV_.cjs:3:1104)[39m
2025-12-30 14:22:12:12 [31merror[39m: [31munhandledRejection: Redis is already connecting/connected[39m
[31mError: Redis is already connecting/connected[39m
[31m    at /home/joseph/Projects/music-apis/server/node_modules/ioredis/built/Redis.js:108:24[39m
[31m    at new Promise (<anonymous>)[39m
[31m    at EventEmitter.connect (/home/joseph/Projects/music-apis/server/node_modules/ioredis/built/Redis.js:104:25)[39m
[31m    at setupRedisAdapter (/home/joseph/Projects/music-apis/server/src/socket/adapters/redis-adapter.ts:38:34)[39m
[31m    at SocketServer.initialize (/home/joseph/Projects/music-apis/server/src/socket/index.ts:37:13)[39m
[31m    at new SocketServer (/home/joseph/Projects/music-apis/server/src/socket/index.ts:31:10)[39m
[31m    at logger (/home/joseph/Projects/music-apis/server/src/server.ts:10:22)[39m
[31m    at Object.<anonymous> (/home/joseph/Projects/music-apis/server/src/server.ts:22:4)[39m
[31m    at Module._compile (node:internal/modules/cjs/loader:1565:14)[39m
[31m    at Object.transformer (/home/joseph/Projects/music-apis/server/node_modules/tsx/dist/register-D46fvsV_.cjs:3:1104)[39m
2025-12-30 14:22:30:30 [31merror[39m: [31munhandledRejection: Redis is already connecting/connected[39m
[31mError: Redis is already connecting/connected[39m
[31m    at /home/joseph/Projects/music-apis/server/node_modules/ioredis/built/Redis.js:108:24[39m
[31m    at new Promise (<anonymous>)[39m
[31m    at EventEmitter.connect (/home/joseph/Projects/music-apis/server/node_modules/ioredis/built/Redis.js:104:25)[39m
[31m    at setupRedisAdapter (/home/joseph/Projects/music-apis/server/src/socket/adapters/redis-adapter.ts:38:34)[39m
[31m    at SocketServer.initialize (/home/joseph/Projects/music-apis/server/src/socket/index.ts:37:13)[39m
[31m    at new SocketServer (/home/joseph/Projects/music-apis/server/src/socket/index.ts:31:10)[39m
[31m    at logger (/home/joseph/Projects/music-apis/server/src/server.ts:10:22)[39m
[31m    at Object.<anonymous> (/home/joseph/Projects/music-apis/server/src/server.ts:21:4)[39m
[31m    at Module._compile (node:internal/modules/cjs/loader:1565:14)[39m
[31m    at Object.transformer (/home/joseph/Projects/music-apis/server/node_modules/tsx/dist/register-D46fvsV_.cjs:3:1104)[39m
2025-12-30 14:23:52:52 [31merror[39m: [31munhandledRejection: Redis is already connecting/connected[39m
[31mError: Redis is already connecting/connected[39m
[31m    at /home/joseph/Projects/music-apis/server/node_modules/ioredis/built/Redis.js:108:24[39m
[31m    at new Promise (<anonymous>)[39m
[31m    at EventEmitter.connect (/home/joseph/Projects/music-apis/server/node_modules/ioredis/built/Redis.js:104:25)[39m
[31m    at setupRedisAdapter (/home/joseph/Projects/music-apis/server/src/socket/adapters/redis-adapter.ts:38:34)[39m
[31m    at SocketServer.initialize (/home/joseph/Projects/music-apis/server/src/socket/index.ts:37:13)[39m
[31m    at new SocketServer (/home/joseph/Projects/music-apis/server/src/socket/index.ts:31:10)[39m
[31m    at logger (/home/joseph/Projects/music-apis/server/src/server.ts:10:22)[39m
[31m    at Object.<anonymous> (/home/joseph/Projects/music-apis/server/src/server.ts:22:4)[39m
[31m    at Module._compile (node:internal/modules/cjs/loader:1565:14)[39m
[31m    at Object.transformer (/home/joseph/Projects/music-apis/server/node_modules/tsx/dist/register-D46fvsV_.cjs:3:1104)[39m
2025-12-30 14:24:16:16 [31merror[39m: [31munhandledRejection: Redis is already connecting/connected[39m
[31mError: Redis is already connecting/connected[39m
[31m    at /home/joseph/Projects/music-apis/server/node_modules/ioredis/built/Redis.js:108:24[39m
[31m    at new Promise (<anonymous>)[39m
[31m    at EventEmitter.connect (/home/joseph/Projects/music-apis/server/node_modules/ioredis/built/Redis.js:104:25)[39m
[31m    at setupRedisAdapter (/home/joseph/Projects/music-apis/server/src/socket/adapters/redis-adapter.ts:38:34)[39m
[31m    at SocketServer.initialize (/home/joseph/Projects/music-apis/server/src/socket/index.ts:37:13)[39m
[31m    at new SocketServer (/home/joseph/Projects/music-apis/server/src/socket/index.ts:31:10)[39m
[31m    at logger (/home/joseph/Projects/music-apis/server/src/server.ts:10:22)[39m
[31m    at Object.<anonymous> (/home/joseph/Projects/music-apis/server/src/server.ts:22:4)[39m
[31m    at Module._compile (node:internal/modules/cjs/loader:1565:14)[39m
[31m    at Object.transformer (/home/joseph/Projects/music-apis/server/node_modules/tsx/dist/register-D46fvsV_.cjs:3:1104)[39m
2025-12-30 14:24:44:44 [31merror[39m: [31munhandledRejection: Redis is already connecting/connected[39m
[31mError: Redis is already connecting/connected[39m
[31m    at /home/joseph/Projects/music-apis/server/node_modules/ioredis/built/Redis.js:108:24[39m
[31m    at new Promise (<anonymous>)[39m
[31m    at EventEmitter.connect (/home/joseph/Projects/music-apis/server/node_modules/ioredis/built/Redis.js:104:25)[39m
[31m    at setupRedisAdapter (/home/joseph/Projects/music-apis/server/src/socket/adapters/redis-adapter.ts:38:34)[39m
[31m    at SocketServer.initialize (/home/joseph/Projects/music-apis/server/src/socket/index.ts:37:13)[39m
[31m    at new SocketServer (/home/joseph/Projects/music-apis/server/src/socket/index.ts:31:10)[39m
[31m    at logger (/home/joseph/Projects/music-apis/server/src/server.ts:10:22)[39m
[31m    at Object.<anonymous> (/home/joseph/Projects/music-apis/server/src/server.ts:22:4)[39m
[31m    at Module._compile (node:internal/modules/cjs/loader:1565:14)[39m
[31m    at Object.transformer (/home/joseph/Projects/music-apis/server/node_modules/tsx/dist/register-D46fvsV_.cjs:3:1104)[39m
2025-12-30 14:25:03:03 [31merror[39m: [31munhandledRejection: Redis is already connecting/connected[39m
[31mError: Redis is already connecting/connected[39m
[31m    at /home/joseph/Projects/music-apis/server/node_modules/ioredis/built/Redis.js:108:24[39m
[31m    at new Promise (<anonymous>)[39m
[31m    at EventEmitter.connect (/home/joseph/Projects/music-apis/server/node_modules/ioredis/built/Redis.js:104:25)[39m
[31m    at setupRedisAdapter (/home/joseph/Projects/music-apis/server/src/socket/adapters/redis-adapter.ts:38:34)[39m
[31m    at SocketServer.initialize (/home/joseph/Projects/music-apis/server/src/socket/index.ts:37:13)[39m
[31m    at new SocketServer (/home/joseph/Projects/music-apis/server/src/socket/index.ts:31:10)[39m
[31m    at logger (/home/joseph/Projects/music-apis/server/src/server.ts:10:22)[39m
[31m    at Object.<anonymous> (/home/joseph/Projects/music-apis/server/src/server.ts:22:4)[39m
[31m    at Module._compile (node:internal/modules/cjs/loader:1565:14)[39m
[31m    at Object.transformer (/home/joseph/Projects/music-apis/server/node_modules/tsx/dist/register-D46fvsV_.cjs:3:1104)[39m
2025-12-30 14:41:27:27 [31merror[39m: [31munhandledRejection: Redis is already connecting/connected[39m
[31mError: Redis is already connecting/connected[39m
[31m    at /home/joseph/Projects/music-apis/server/node_modules/ioredis/built/Redis.js:108:24[39m
[31m    at new Promise (<anonymous>)[39m
[31m    at EventEmitter.connect (/home/joseph/Projects/music-apis/server/node_modules/ioredis/built/Redis.js:104:25)[39m
[31m    at setupRedisAdapter (/home/joseph/Projects/music-apis/server/src/socket/adapters/redis-adapter.ts:38:34)[39m
[31m    at SocketServer.initialize (/home/joseph/Projects/music-apis/server/src/socket/index.ts:37:13)[39m
[31m    at new SocketServer (/home/joseph/Projects/music-apis/server/src/socket/index.ts:31:10)[39m
[31m    at logger (/home/joseph/Projects/music-apis/server/src/server.ts:10:22)[39m
[31m    at Object.<anonymous> (/home/joseph/Projects/music-apis/server/src/server.ts:22:4)[39m
[31m    at Module._compile (node:internal/modules/cjs/loader:1565:14)[39m
[31m    at Object.transformer (/home/joseph/Projects/music-apis/server/node_modules/tsx/dist/register-D46fvsV_.cjs:3:1104)[39m
2025-12-30 17:11:56:56 [31merror[39m: [31munhandledRejection: Redis is already connecting/connected[39m
[31mError: Redis is already connecting/connected[39m
[31m    at /home/joseph/Projects/music-apis/server/node_modules/ioredis/built/Redis.js:108:24[39m
[31m    at new Promise (<anonymous>)[39m
[31m    at EventEmitter.connect (/home/joseph/Projects/music-apis/server/node_modules/ioredis/built/Redis.js:104:25)[39m
[31m    at setupRedisAdapter (/home/joseph/Projects/music-apis/server/src/socket/adapters/redis-adapter.ts:38:34)[39m
[31m    at SocketServer.initialize (/home/joseph/Projects/music-apis/server/src/socket/index.ts:37:13)[39m
[31m    at new SocketServer (/home/joseph/Projects/music-apis/server/src/socket/index.ts:31:10)[39m
[31m    at logger (/home/joseph/Projects/music-apis/server/src/server.ts:10:22)[39m
[31m    at Object.<anonymous> (/home/joseph/Projects/music-apis/server/src/server.ts:22:4)[39m
[31m    at Module._compile (node:internal/modules/cjs/loader:1565:14)[39m
[31m    at Object.transformer (/home/joseph/Projects/music-apis/server/node_modules/tsx/dist/register-D46fvsV_.cjs:3:1104)[39m
2025-12-30 17:13:17:17 [31merror[39m: [31munhandledRejection: Redis is already connecting/connected[39m
[31mError: Redis is already connecting/connected[39m
[31m    at /home/joseph/Projects/music-apis/server/node_modules/ioredis/built/Redis.js:108:24[39m
[31m    at new Promise (<anonymous>)[39m
[31m    at EventEmitter.connect (/home/joseph/Projects/music-apis/server/node_modules/ioredis/built/Redis.js:104:25)[39m
[31m    at setupRedisAdapter (/home/joseph/Projects/music-apis/server/src/socket/adapters/redis-adapter.ts:38:34)[39m
[31m    at SocketServer.initialize (/home/joseph/Projects/music-apis/server/src/socket/index.ts:37:13)[39m
[31m    at new SocketServer (/home/joseph/Projects/music-apis/server/src/socket/index.ts:31:10)[39m
[31m    at logger (/home/joseph/Projects/music-apis/server/src/server.ts:10:22)[39m
[31m    at Object.<anonymous> (/home/joseph/Projects/music-apis/server/src/server.ts:22:4)[39m
[31m    at Module._compile (node:internal/modules/cjs/loader:1565:14)[39m
[31m    at Object.transformer (/home/joseph/Projects/music-apis/server/node_modules/tsx/dist/register-D46fvsV_.cjs:3:1104)[39m
